SF:C:\Users\santhosh.d_disprz\Documents\FormBuilderAPI\FormBuilderAPI\Repository\FormRepository.cs
FN:16,System.Void FormBuilderAPI.Repository.FormRepository::.ctor(FormBuilderAPI.DataAccessLayer.MongoDbContext,FormBuilderAPI.DataAccessLayer.SQLDbContext)
FNDA:17,System.Void FormBuilderAPI.Repository.FormRepository::.ctor(FormBuilderAPI.DataAccessLayer.MongoDbContext,FormBuilderAPI.DataAccessLayer.SQLDbContext)
DA:17,17
DA:18,17
DA:19,17
DA:20,17
DA:21,17
LF:5
LH:5
BRF:0
BRH:0
FNF:1
FNH:1
end_of_record
SF:C:\Users\santhosh.d_disprz\Documents\FormBuilderAPI\FormBuilderAPI\Repository\ResponseRepository.cs
FN:13,System.Void FormBuilderAPI.Repository.ResponseRepository::.ctor(FormBuilderAPI.DataAccessLayer.SQLDbContext)
FNDA:26,System.Void FormBuilderAPI.Repository.ResponseRepository::.ctor(FormBuilderAPI.DataAccessLayer.SQLDbContext)
DA:14,26
DA:15,26
DA:16,26
DA:17,26
LF:4
LH:4
BRF:0
BRH:0
FNF:1
FNH:1
end_of_record
SF:C:\Users\santhosh.d_disprz\Documents\FormBuilderAPI\FormBuilderAPI\Repository\UserRepository.cs
FN:11,System.Void FormBuilderAPI.Repository.UserRepository::.ctor(FormBuilderAPI.DataAccessLayer.SQLDbContext)
FNDA:29,System.Void FormBuilderAPI.Repository.UserRepository::.ctor(FormBuilderAPI.DataAccessLayer.SQLDbContext)
DA:12,29
DA:13,29
DA:14,29
DA:15,29
LF:4
LH:4
BRF:0
BRH:0
FNF:1
FNH:1
end_of_record
SF:C:\Users\santhosh.d_disprz\Documents\FormBuilderAPI\FormBuilderAPI\Helper\JwtHelper.cs
FN:19,System.String FormBuilderAPI.Helper.JwtHelper::GenerateToken(System.String,System.String,System.String)
FNDA:7,System.String FormBuilderAPI.Helper.JwtHelper::GenerateToken(System.String,System.String,System.String)
DA:20,7
DA:21,7
DA:22,7
DA:23,7
DA:24,6
DA:25,6
DA:26,6
DA:28,6
DA:29,6
DA:31,6
DA:32,6
DA:33,6
DA:34,6
DA:35,6
DA:36,6
DA:37,6
DA:39,6
DA:40,6
DA:41,6
DA:42,6
DA:43,6
DA:44,6
DA:46,6
DA:47,6
BRDA:22,30,0,1
BRDA:22,30,1,6
FN:49,Microsoft.IdentityModel.Tokens.TokenValidationParameters FormBuilderAPI.Helper.JwtHelper::GetValidationParameters()
FNDA:2,Microsoft.IdentityModel.Tokens.TokenValidationParameters FormBuilderAPI.Helper.JwtHelper::GetValidationParameters()
DA:50,2
DA:51,2
DA:52,2
DA:53,2
DA:54,2
DA:55,2
DA:57,2
DA:58,2
DA:59,2
DA:60,2
DA:61,2
DA:62,2
DA:63,2
DA:64,2
DA:65,2
DA:66,2
DA:67,2
BRDA:52,30,0,0
BRDA:52,30,1,2
FN:13,System.Void FormBuilderAPI.Helper.JwtHelper::.ctor(Microsoft.Extensions.Configuration.IConfiguration)
FNDA:20,System.Void FormBuilderAPI.Helper.JwtHelper::.ctor(Microsoft.Extensions.Configuration.IConfiguration)
DA:14,20
DA:15,20
DA:16,20
DA:17,20
LF:45
LH:45
BRF:4
BRH:3
FNF:3
FNH:3
end_of_record
SF:C:\Users\santhosh.d_disprz\Documents\FormBuilderAPI\FormBuilderAPI\Helper\PasswordHasher.cs
FN:16,System.String FormBuilderAPI.Helper.PasswordHasher::HashPassword(System.String)
FNDA:19,System.String FormBuilderAPI.Helper.PasswordHasher::HashPassword(System.String)
DA:17,19
DA:18,19
DA:19,3
DA:21,16
DA:22,16
DA:23,16
DA:25,16
DA:26,16
DA:27,16
DA:28,16
DA:29,16
DA:30,16
DA:32,16
DA:33,16
DA:34,16
DA:36,16
DA:37,16
BRDA:18,11,0,3
BRDA:18,11,1,16
FN:42,System.Boolean FormBuilderAPI.Helper.PasswordHasher::VerifyPassword(System.String,System.String)
FNDA:10,System.Boolean FormBuilderAPI.Helper.PasswordHasher::VerifyPassword(System.String,System.String)
DA:43,10
DA:44,10
DA:45,4
DA:47,6
DA:49,5
DA:50,1
DA:52,4
DA:53,4
DA:55,4
DA:56,4
DA:58,4
DA:59,4
DA:60,4
DA:61,4
DA:62,4
DA:63,4
DA:65,4
DA:66,9
BRDA:44,7,0,8
BRDA:44,7,1,2
BRDA:44,22,0,4
BRDA:44,22,1,6
BRDA:49,50,0,1
BRDA:49,50,1,4
LF:35
LH:35
BRF:8
BRH:8
FNF:2
FNH:2
end_of_record
SF:C:\Users\santhosh.d_disprz\Documents\FormBuilderAPI\FormBuilderAPI\DataAccessLayer\MongoDbContext.cs
FN:30,MongoDB.Driver.IMongoCollection`1<FormBuilderAPI.Model.MongoModel.Form> FormBuilderAPI.DataAccessLayer.MongoDbContext::get_Forms()
FNDA:19,MongoDB.Driver.IMongoCollection`1<FormBuilderAPI.Model.MongoModel.Form> FormBuilderAPI.DataAccessLayer.MongoDbContext::get_Forms()
DA:31,19
BRDA:31,7,0,0
BRDA:31,7,1,19
FN:10,System.Void FormBuilderAPI.DataAccessLayer.MongoDbContext::.ctor(Microsoft.Extensions.Configuration.IConfiguration)
FNDA:25,System.Void FormBuilderAPI.DataAccessLayer.MongoDbContext::.ctor(Microsoft.Extensions.Configuration.IConfiguration)
DA:11,25
DA:12,25
DA:13,25
DA:15,25
DA:16,4
DA:18,21
DA:19,20
DA:21,20
DA:22,20
DA:23,20
BRDA:15,30,0,4
BRDA:15,30,1,21
BRDA:21,69,0,2
BRDA:21,69,1,20
FN:25,System.Void FormBuilderAPI.DataAccessLayer.MongoDbContext::.ctor()
FNDA:18,System.Void FormBuilderAPI.DataAccessLayer.MongoDbContext::.ctor()
DA:26,18
DA:27,18
DA:28,18
LF:14
LH:14
BRF:6
BRH:5
FNF:3
FNH:3
end_of_record
SF:C:\Users\santhosh.d_disprz\Documents\FormBuilderAPI\FormBuilderAPI\DataAccessLayer\SQLDbContext.cs
FN:17,System.Void FormBuilderAPI.DataAccessLayer.SQLDbContext::OnModelCreating(Microsoft.EntityFrameworkCore.ModelBuilder)
FNDA:1,System.Void FormBuilderAPI.DataAccessLayer.SQLDbContext::OnModelCreating(Microsoft.EntityFrameworkCore.ModelBuilder)
DA:18,1
DA:19,1
DA:22,1
DA:23,1
DA:24,1
DA:25,1
DA:26,1
DA:27,1
DA:30,1
DA:31,1
DA:32,1
DA:33,1
DA:34,1
DA:35,1
DA:36,1
DA:37,1
DA:38,1
DA:39,1
DA:40,1
DA:43,1
DA:44,1
DA:45,1
DA:46,1
DA:47,1
DA:48,1
DA:49,1
DA:52,1
DA:53,1
DA:54,1
DA:55,1
DA:56,1
DA:57,1
DA:58,1
DA:59,1
DA:60,1
DA:61,1
DA:62,1
DA:63,1
DA:64,1
DA:65,1
DA:66,1
DA:68,1
FN:7,System.Void FormBuilderAPI.DataAccessLayer.SQLDbContext::.ctor(Microsoft.EntityFrameworkCore.DbContextOptions`1<FormBuilderAPI.DataAccessLayer.SQLDbContext>)
FNDA:72,System.Void FormBuilderAPI.DataAccessLayer.SQLDbContext::.ctor(Microsoft.EntityFrameworkCore.DbContextOptions`1<FormBuilderAPI.DataAccessLayer.SQLDbContext>)
DA:8,72
DA:9,72
DA:10,72
LF:45
LH:45
BRF:0
BRH:0
FNF:2
FNH:2
end_of_record
SF:C:\Users\santhosh.d_disprz\Documents\FormBuilderAPI\FormBuilderAPI\Controllers\AdminController .cs
FN:17,System.Void FormBuilderAPI.Controllers.AdminController::.ctor(FormBuilderAPI.BusinessLogicLayer.IFormBL,FormBuilderAPI.BusinessLogicLayer.IResponseBL)
FNDA:10,System.Void FormBuilderAPI.Controllers.AdminController::.ctor(FormBuilderAPI.BusinessLogicLayer.IFormBL,FormBuilderAPI.BusinessLogicLayer.IResponseBL)
DA:18,10
DA:19,10
DA:20,10
DA:21,9
DA:22,8
BRDA:20,11,0,1
BRDA:20,11,1,9
BRDA:21,33,0,1
BRDA:21,33,1,8
LF:5
LH:5
BRF:4
BRH:4
FNF:1
FNH:1
end_of_record
SF:C:\Users\santhosh.d_disprz\Documents\FormBuilderAPI\FormBuilderAPI\Controllers\AuthController.cs
FN:15,System.Void FormBuilderAPI.Controllers.AuthController::.ctor(FormBuilderAPI.BusinessLogicLayer.IAuthBL)
FNDA:8,System.Void FormBuilderAPI.Controllers.AuthController::.ctor(FormBuilderAPI.BusinessLogicLayer.IAuthBL)
DA:16,8
DA:17,8
DA:18,8
DA:19,8
BRDA:18,11,0,0
BRDA:18,11,1,8
LF:4
LH:4
BRF:2
BRH:1
FNF:1
FNH:1
end_of_record
SF:C:\Users\santhosh.d_disprz\Documents\FormBuilderAPI\FormBuilderAPI\Controllers\FormController.cs
FN:19,System.Void FormBuilderAPI.Controllers.FormController::.ctor(FormBuilderAPI.BusinessLogicLayer.IFormBL)
FNDA:33,System.Void FormBuilderAPI.Controllers.FormController::.ctor(FormBuilderAPI.BusinessLogicLayer.IFormBL)
DA:20,33
DA:21,33
DA:22,33
DA:23,32
BRDA:22,11,0,1
BRDA:22,11,1,32
LF:4
LH:4
BRF:2
BRH:2
FNF:1
FNH:1
end_of_record
SF:C:\Users\santhosh.d_disprz\Documents\FormBuilderAPI\FormBuilderAPI\Controllers\ResponseController.cs
FN:16,System.Void FormBuilderAPI.Controllers.ResponseController::.ctor(FormBuilderAPI.BusinessLogicLayer.IResponseBL)
FNDA:21,System.Void FormBuilderAPI.Controllers.ResponseController::.ctor(FormBuilderAPI.BusinessLogicLayer.IResponseBL)
DA:17,21
DA:18,21
DA:19,21
DA:20,20
BRDA:19,11,0,1
BRDA:19,11,1,20
LF:4
LH:4
BRF:2
BRH:2
FNF:1
FNH:1
end_of_record
SF:C:\Users\santhosh.d_disprz\Documents\FormBuilderAPI\FormBuilderAPI\BusinessLogic\AuthBL.cs
FN:87,FormBuilderAPI.Model.SQLModel.User FormBuilderAPI.BusinessLogicLayer.AuthBL::CreateNewUser(FormBuilderAPI.DTOs.AuthDTO)
FNDA:3,FormBuilderAPI.Model.SQLModel.User FormBuilderAPI.BusinessLogicLayer.AuthBL::CreateNewUser(FormBuilderAPI.DTOs.AuthDTO)
DA:88,3
DA:89,3
DA:90,3
DA:91,3
DA:92,3
DA:93,3
DA:94,3
DA:95,3
FN:97,System.String FormBuilderAPI.BusinessLogicLayer.AuthBL::DetermineUserRole(System.String)
FNDA:3,System.String FormBuilderAPI.BusinessLogicLayer.AuthBL::DetermineUserRole(System.String)
DA:98,3
DA:100,3
DA:101,1
DA:104,2
DA:105,2
DA:106,2
DA:107,3
BRDA:100,9,0,1
BRDA:100,9,1,2
BRDA:104,31,0,1
BRDA:104,31,1,1
FN:109,System.String FormBuilderAPI.BusinessLogicLayer.AuthBL::HashPassword(System.String)
FNDA:3,System.String FormBuilderAPI.BusinessLogicLayer.AuthBL::HashPassword(System.String)
DA:110,3
DA:111,3
DA:112,3
FN:114,System.Boolean FormBuilderAPI.BusinessLogicLayer.AuthBL::VerifyPassword(System.String,System.String)
FNDA:2,System.Boolean FormBuilderAPI.BusinessLogicLayer.AuthBL::VerifyPassword(System.String,System.String)
DA:115,2
DA:116,2
DA:117,2
FN:119,FormBuilderAPI.DTOs.AuthResponseDTO FormBuilderAPI.BusinessLogicLayer.AuthBL::CreateAuthResponse(FormBuilderAPI.Model.SQLModel.User)
FNDA:4,FormBuilderAPI.DTOs.AuthResponseDTO FormBuilderAPI.BusinessLogicLayer.AuthBL::CreateAuthResponse(FormBuilderAPI.Model.SQLModel.User)
DA:120,4
DA:121,4
DA:122,4
DA:124,4
DA:125,4
DA:126,4
DA:127,4
DA:128,4
DA:129,4
DA:130,4
DA:131,4
DA:132,4
FN:134,System.String FormBuilderAPI.BusinessLogicLayer.AuthBL::GenerateToken(FormBuilderAPI.Model.SQLModel.User)
FNDA:4,System.String FormBuilderAPI.BusinessLogicLayer.AuthBL::GenerateToken(FormBuilderAPI.Model.SQLModel.User)
DA:135,4
DA:136,4
DA:137,4
DA:138,4
DA:139,4
DA:140,4
DA:141,4
FN:143,System.DateTime FormBuilderAPI.BusinessLogicLayer.AuthBL::CalculateTokenExpiration()
FNDA:4,System.DateTime FormBuilderAPI.BusinessLogicLayer.AuthBL::CalculateTokenExpiration()
DA:144,4
DA:145,4
DA:146,4
FN:19,System.Void FormBuilderAPI.BusinessLogicLayer.AuthBL::.ctor(FormBuilderAPI.Repository.IUserRepository,Microsoft.Extensions.Configuration.IConfiguration)
FNDA:15,System.Void FormBuilderAPI.BusinessLogicLayer.AuthBL::.ctor(FormBuilderAPI.Repository.IUserRepository,Microsoft.Extensions.Configuration.IConfiguration)
DA:20,15
DA:21,15
DA:22,15
DA:23,15
DA:24,15
DA:25,15
LF:49
LH:49
BRF:4
BRH:4
FNF:8
FNH:8
end_of_record
SF:C:\Users\santhosh.d_disprz\Documents\FormBuilderAPI\FormBuilderAPI\BusinessLogic\FormBL.cs
FN:115,FormBuilderAPI.Model.MongoModel.FormLayout FormBuilderAPI.BusinessLogicLayer.FormBL::MapDtoToLayout(FormBuilderAPI.DTOs.FormLayoutDTO)
FNDA:2,FormBuilderAPI.Model.MongoModel.FormLayout FormBuilderAPI.BusinessLogicLayer.FormBL::MapDtoToLayout(FormBuilderAPI.DTOs.FormLayoutDTO)
DA:116,2
DA:117,2
DA:118,2
DA:119,2
DA:120,2
DA:121,2
DA:122,2
DA:123,2
DA:124,2
DA:125,2
DA:126,2
DA:127,2
DA:128,2
DA:129,2
DA:130,2
DA:131,2
DA:132,2
DA:133,2
DA:134,2
DA:135,2
DA:136,2
DA:137,2
DA:138,2
DA:139,2
DA:140,2
DA:141,2
BRDA:117,62,0,0
BRDA:117,62,1,2
BRDA:117,110,0,0
BRDA:117,110,1,2
FN:17,System.Void FormBuilderAPI.BusinessLogicLayer.FormBL::.ctor(FormBuilderAPI.Repository.IFormRepository)
FNDA:24,System.Void FormBuilderAPI.BusinessLogicLayer.FormBL::.ctor(FormBuilderAPI.Repository.IFormRepository)
DA:18,24
DA:19,24
DA:20,24
DA:21,24
LF:30
LH:30
BRF:4
BRH:2
FNF:2
FNH:2
end_of_record
SF:C:\Users\santhosh.d_disprz\Documents\FormBuilderAPI\FormBuilderAPI\BusinessLogic\ResponseBL.cs
FN:163,System.Collections.Generic.List`1<FormBuilderAPI.Model.SQLModel.FormResponseAnswer> FormBuilderAPI.BusinessLogicLayer.ResponseBL::ProcessNonFileAnswers(FormBuilderAPI.DTOs.ResponseDTO,FormBuilderAPI.Model.MongoModel.Form)
FNDA:17,System.Collections.Generic.List`1<FormBuilderAPI.Model.SQLModel.FormResponseAnswer> FormBuilderAPI.BusinessLogicLayer.ResponseBL::ProcessNonFileAnswers(FormBuilderAPI.DTOs.ResponseDTO,FormBuilderAPI.Model.MongoModel.Form)
DA:164,17
DA:165,17
DA:166,17
DA:167,17
DA:168,17
DA:169,17
DA:170,17
DA:171,17
DA:172,17
DA:173,17
DA:174,17
DA:175,17
DA:176,17
DA:177,17
DA:178,17
DA:179,17
DA:180,17
DA:181,17
DA:182,17
DA:183,17
DA:184,17
DA:185,17
DA:186,17
DA:187,17
DA:188,17
DA:189,17
BRDA:165,28,0,1
BRDA:165,28,1,16
BRDA:165,74,0,1
BRDA:165,74,1,17
FN:191,FormBuilderAPI.Model.SQLModel.FormResponseAnswer FormBuilderAPI.BusinessLogicLayer.ResponseBL::ProcessDropdownAnswer(FormBuilderAPI.DTOs.ResponseAnswerDTO,FormBuilderAPI.Model.MongoModel.FormField)
FNDA:4,FormBuilderAPI.Model.SQLModel.FormResponseAnswer FormBuilderAPI.BusinessLogicLayer.ResponseBL::ProcessDropdownAnswer(FormBuilderAPI.DTOs.ResponseAnswerDTO,FormBuilderAPI.Model.MongoModel.FormField)
DA:192,4
DA:195,4
DA:196,1
DA:197,1
DA:198,1
DA:199,1
DA:200,1
DA:202,1
DA:203,1
DA:204,1
DA:205,1
DA:206,1
DA:208,3
DA:209,3
DA:210,3
DA:211,3
DA:212,3
DA:213,3
DA:214,3
DA:216,4
DA:217,4
DA:218,4
DA:219,4
DA:220,4
DA:221,4
BRDA:195,9,0,1
BRDA:197,29,0,0
BRDA:197,29,1,1
BRDA:197,85,0,0
BRDA:197,85,1,1
BRDA:195,9,1,3
BRDA:209,181,0,0
BRDA:209,181,1,3
BRDA:209,193,0,0
BRDA:209,193,1,3
FN:253,System.Void FormBuilderAPI.BusinessLogicLayer.ResponseBL::ValidateFile(FormBuilderAPI.DTOs.ResponseFileUploadDTO)
FNDA:11,System.Void FormBuilderAPI.BusinessLogicLayer.ResponseBL::ValidateFile(FormBuilderAPI.DTOs.ResponseFileUploadDTO)
DA:254,11
DA:256,11
DA:257,1
DA:260,10
DA:261,10
DA:262,1
DA:263,9
BRDA:256,17,0,1
BRDA:256,17,1,10
BRDA:260,66,0,0
BRDA:260,66,1,10
BRDA:261,79,0,10
BRDA:261,79,1,0
BRDA:261,100,0,1
BRDA:261,100,1,9
FN:364,System.Collections.Generic.List`1<System.Object> FormBuilderAPI.BusinessLogicLayer.ResponseBL::ApplySearchFilter(System.Collections.Generic.List`1<System.Object>,System.String)
FNDA:2,System.Collections.Generic.List`1<System.Object> FormBuilderAPI.BusinessLogicLayer.ResponseBL::ApplySearchFilter(System.Collections.Generic.List`1<System.Object>,System.String)
DA:365,2
DA:366,2
DA:367,2
DA:368,2
DA:369,2
DA:370,2
DA:371,2
DA:372,2
DA:373,2
DA:374,2
DA:375,2
DA:376,2
DA:377,2
DA:378,2
FN:380,System.Collections.Generic.List`1<FormBuilderAPI.DTOs.ResponseDetailDTO> FormBuilderAPI.BusinessLogicLayer.ResponseBL::ApplyUserResponseSearchFilter(System.Collections.Generic.List`1<FormBuilderAPI.DTOs.ResponseDetailDTO>,System.String)
FNDA:2,System.Collections.Generic.List`1<FormBuilderAPI.DTOs.ResponseDetailDTO> FormBuilderAPI.BusinessLogicLayer.ResponseBL::ApplyUserResponseSearchFilter(System.Collections.Generic.List`1<FormBuilderAPI.DTOs.ResponseDetailDTO>,System.String)
DA:381,2
DA:382,2
DA:383,2
DA:384,2
DA:385,2
DA:386,2
DA:387,2
DA:388,2
DA:389,2
FN:391,System.Object FormBuilderAPI.BusinessLogicLayer.ResponseBL::ApplyPagination(System.Collections.Generic.List`1<System.Object>,System.Int32,System.Int32)
FNDA:6,System.Object FormBuilderAPI.BusinessLogicLayer.ResponseBL::ApplyPagination(System.Collections.Generic.List`1<System.Object>,System.Int32,System.Int32)
DA:392,6
DA:393,6
DA:394,6
DA:396,6
DA:397,6
DA:398,6
DA:399,6
DA:401,6
DA:402,6
DA:403,6
DA:404,6
DA:405,6
DA:406,6
DA:407,6
DA:408,6
DA:409,6
FN:411,System.Object FormBuilderAPI.BusinessLogicLayer.ResponseBL::ApplyUserResponsePagination(System.Collections.Generic.List`1<FormBuilderAPI.DTOs.ResponseDetailDTO>,System.Int32,System.Int32)
FNDA:6,System.Object FormBuilderAPI.BusinessLogicLayer.ResponseBL::ApplyUserResponsePagination(System.Collections.Generic.List`1<FormBuilderAPI.DTOs.ResponseDetailDTO>,System.Int32,System.Int32)
DA:412,6
DA:413,6
DA:414,6
DA:415,6
DA:416,6
DA:417,6
DA:419,6
DA:420,6
DA:421,6
DA:422,6
DA:423,6
DA:424,6
DA:425,6
DA:426,6
FN:428,System.Object FormBuilderAPI.BusinessLogicLayer.ResponseBL::CreateEmptyPagedResult(System.Int32,System.Int32)
FNDA:2,System.Object FormBuilderAPI.BusinessLogicLayer.ResponseBL::CreateEmptyPagedResult(System.Int32,System.Int32)
DA:429,2
DA:430,2
DA:431,2
DA:432,2
DA:433,2
DA:434,2
DA:435,2
DA:436,2
DA:437,2
FN:19,System.Void FormBuilderAPI.BusinessLogicLayer.ResponseBL::.ctor(FormBuilderAPI.Repository.IResponseRepository,FormBuilderAPI.BusinessLogicLayer.IFormBL)
FNDA:36,System.Void FormBuilderAPI.BusinessLogicLayer.ResponseBL::.ctor(FormBuilderAPI.Repository.IResponseRepository,FormBuilderAPI.BusinessLogicLayer.IFormBL)
DA:20,36
DA:21,36
DA:22,36
DA:23,36
DA:24,36
FN:17,System.Void FormBuilderAPI.BusinessLogicLayer.ResponseBL::.cctor()
FNDA:1,System.Void FormBuilderAPI.BusinessLogicLayer.ResponseBL::.cctor()
DA:18,1
LF:126
LH:126
BRF:22
BRH:16
FNF:10
FNH:10
end_of_record